<?xml version="1.0" encoding="UTF-8"?>
<!-- Generated by org.testng.reporters.JUnitReportReporter -->
<testsuite hostname="DESKTOP-OFIDLPQ" failures="0" tests="2" name="mykademy.tests.MykademyTestSuite" time="12.499" errors="0" timestamp="2022-06-13T14:16:27 IST" skipped="0">
  <testcase classname="mykademy.tests.MykademyTestSuite" name="verifySignUpPage" time="5.201"/>
  <system-out/>
  <testcase classname="mykademy.tests.MykademyTestSuite" name="verifyLoginCheck" time="7.298"/>
  <system-out/>
</testsuite> <!-- mykademy.tests.MykademyTestSuite -->
