<?xml version="1.0" encoding="UTF-8"?>
<!-- Generated by org.testng.reporters.JUnitReportReporter -->
<testsuite hostname="DESKTOP-OFIDLPQ" failures="0" tests="1" name="mykademy.tests.Rome2RioTestSuiteA" time="6.483" errors="0" timestamp="2022-06-12T12:10:14 IST" skipped="0">
  <testcase classname="mykademy.tests.Rome2RioTestSuiteA" name="verifyLoginCheck" time="6.483"/>
  <system-out/>
</testsuite> <!-- mykademy.tests.Rome2RioTestSuiteA -->
